13:12:44.963 [TestNG-PoolService-0] INFO  - Goto my Merx Application-->Click on Login.
13:12:44.974 [TestNG-PoolService-0] INFO  - Entering email and password.. 
13:12:45.086 [TestNG-PoolService-0] INFO  - Entering user IDTester
13:12:47.897 [TestNG-PoolService-0] INFO  - clicked on Sign in button...
13:16:46.278 [TestNG-PoolService-0] INFO  - Goto my Merx Application-->Click on Login.
13:16:46.291 [TestNG-PoolService-0] INFO  - Entering email and password.. 
13:16:46.402 [TestNG-PoolService-0] INFO  - Entering user IDTester
13:16:48.658 [TestNG-PoolService-0] INFO  - clicked on Sign in button...
13:22:26.596 [TestNG-PoolService-0] INFO  - Goto my Merx Application-->Click on Login.
13:22:26.605 [TestNG-PoolService-0] INFO  - Entering email and password.. 
13:22:26.726 [TestNG-PoolService-0] INFO  - Entering user IDTester
13:22:29.094 [TestNG-PoolService-0] INFO  - clicked on Sign in button...
13:55:07.411 [TestNG-PoolService-0] INFO  - Goto my Merx Application-->Click on Login.
13:55:07.420 [TestNG-PoolService-0] INFO  - Entering email and password.. 
13:55:07.533 [TestNG-PoolService-0] INFO  - Entering user IDTester
13:55:10.361 [TestNG-PoolService-0] INFO  - clicked on Sign in button...
13:57:14.584 [TestNG-PoolService-0] INFO  - Goto my Merx Application-->Click on Login.
13:57:14.595 [TestNG-PoolService-0] INFO  - Entering email and password.. 
13:57:14.744 [TestNG-PoolService-0] INFO  - Entering user IDTester
13:57:17.016 [TestNG-PoolService-0] INFO  - clicked on Sign in button...
13:58:35.052 [TestNG-PoolService-0] INFO  - Goto my Merx Application-->Click on Login.
13:58:35.077 [TestNG-PoolService-0] INFO  - Entering email and password.. 
13:58:35.177 [TestNG-PoolService-0] INFO  - Entering user IDTester
13:58:37.491 [TestNG-PoolService-0] INFO  - clicked on Sign in button...
14:02:46.596 [TestNG-PoolService-0] INFO  - Goto my Merx Application-->Click on Login.
14:02:46.609 [TestNG-PoolService-0] INFO  - Entering email and password.. 
14:02:46.731 [TestNG-PoolService-0] INFO  - Entering user IDTester
14:02:51.792 [TestNG-PoolService-0] INFO  - clicked on Sign in button...
14:11:40.308 [TestNG-PoolService-0] INFO  - Goto my Merx Application-->Click on Login.
14:11:40.324 [TestNG-PoolService-0] INFO  - Entering email and password.. 
14:11:40.449 [TestNG-PoolService-0] INFO  - Entering user IDTester
14:11:43.359 [TestNG-PoolService-0] INFO  - clicked on Sign in button...
14:12:03.426 [TestNG-PoolService-0] INFO  - The user has landing to the Order Page
14:13:40.506 [TestNG-PoolService-0] INFO  - Goto my Merx Application-->Click on Login.
14:13:40.523 [TestNG-PoolService-0] INFO  - Entering email and password.. 
14:13:40.630 [TestNG-PoolService-0] INFO  - Entering user IDTester
14:13:42.952 [TestNG-PoolService-0] INFO  - clicked on Sign in button...
14:15:03.212 [TestNG-PoolService-0] INFO  - The user has landing to the Order Page
14:20:48.347 [TestNG-PoolService-0] INFO  - Goto my Merx Application-->Click on Login.
14:20:48.362 [TestNG-PoolService-0] INFO  - Entering email and password.. 
14:20:48.504 [TestNG-PoolService-0] INFO  - Entering user IDTester
14:20:50.930 [TestNG-PoolService-0] INFO  - clicked on Sign in button...
14:30:36.466 [TestNG-PoolService-0] INFO  - Goto my Merx Application-->Click on Login.
14:30:36.477 [TestNG-PoolService-0] INFO  - Entering email and password.. 
14:30:36.652 [TestNG-PoolService-0] INFO  - Entering user IDTester
14:30:39.173 [TestNG-PoolService-0] INFO  - clicked on Sign in button...
14:33:54.130 [TestNG-PoolService-0] INFO  - Goto my Merx Application-->Click on Login.
14:33:54.161 [TestNG-PoolService-0] INFO  - Entering email and password.. 
14:33:54.315 [TestNG-PoolService-0] INFO  - Entering user IDTester
14:33:56.723 [TestNG-PoolService-0] INFO  - clicked on Sign in button...
14:42:34.060 [TestNG-PoolService-0] INFO  - Goto my Merx Application-->Click on Login.
14:42:34.076 [TestNG-PoolService-0] INFO  - Entering email and password.. 
14:42:34.224 [TestNG-PoolService-0] INFO  - Entering user IDTester
14:42:36.989 [TestNG-PoolService-0] INFO  - clicked on Sign in button...
14:53:26.530 [TestNG-PoolService-0] INFO  - Goto my Merx Application-->Click on Login.
14:53:26.546 [TestNG-PoolService-0] INFO  - Entering email and password.. 
14:53:26.709 [TestNG-PoolService-0] INFO  - Entering user IDTester
14:53:30.198 [TestNG-PoolService-0] INFO  - clicked on Sign in button...
14:55:03.161 [TestNG-PoolService-1] INFO  - Goto my Merx Application-->Click on Login.
14:55:03.173 [TestNG-PoolService-1] INFO  - Entering email and password.. 
14:55:03.314 [TestNG-PoolService-1] INFO  - Entering user IDTester
14:55:08.061 [TestNG-PoolService-1] INFO  - clicked on Sign in button...
15:15:50.441 [TestNG-PoolService-1] INFO  - Goto my Merx Application-->Click on Login.
15:15:50.455 [TestNG-PoolService-1] INFO  - Entering email and password.. 
15:15:50.626 [TestNG-PoolService-1] INFO  - Entering user IDTester
15:15:55.783 [TestNG-PoolService-1] INFO  - clicked on Sign in button...
15:28:10.124 [TestNG-PoolService-1] INFO  - Goto my Merx Application-->Click on Login.
15:28:10.139 [TestNG-PoolService-1] INFO  - Entering email and password.. 
15:28:10.310 [TestNG-PoolService-1] INFO  - Entering user IDTester
15:28:12.586 [TestNG-PoolService-1] INFO  - clicked on Sign in button...
15:33:41.369 [TestNG-PoolService-1] INFO  - Goto my Merx Application-->Click on Login.
15:33:41.376 [TestNG-PoolService-1] INFO  - Entering email and password.. 
15:33:41.495 [TestNG-PoolService-1] INFO  - Entering user IDTester
15:33:43.876 [TestNG-PoolService-1] INFO  - clicked on Sign in button...
13:54:27.374 [TestNG-PoolService-1] INFO  - Goto my Merx Application-->Click on Login.
13:54:27.388 [TestNG-PoolService-1] INFO  - Entering email and password.. 
13:54:27.551 [TestNG-PoolService-1] INFO  - Entering user IDTester
13:54:30.093 [TestNG-PoolService-1] INFO  - clicked on Sign in button...
15:20:34.612 [TestNG-PoolService-0] INFO  - Goto my Merx Application-->Click on Login.
15:20:34.622 [TestNG-PoolService-0] INFO  - Entering email and password.. 
15:21:23.980 [TestNG-PoolService-1] INFO  - Goto my Merx Application-->Click on Login.
15:21:23.994 [TestNG-PoolService-1] INFO  - Entering email and password.. 
15:21:24.143 [TestNG-PoolService-1] INFO  - Entering user IDTester
15:21:27.929 [TestNG-PoolService-1] INFO  - clicked on Sign in button...
17:46:14.982 [TestNG-PoolService-1] INFO  - Goto my Merx Application-->Click on Login.
17:46:14.999 [TestNG-PoolService-1] INFO  - Entering email and password.. 
17:46:15.152 [TestNG-PoolService-1] INFO  - Entering user IDTester
17:46:17.124 [TestNG-PoolService-1] INFO  - clicked on Sign in button...
18:25:06.313 [TestNG-PoolService-1] INFO  - Goto my Merx Application-->Click on Login.
18:25:06.331 [TestNG-PoolService-1] INFO  - Entering email and password.. 
18:25:06.531 [TestNG-PoolService-1] INFO  - Entering user IDTester
18:25:09.249 [TestNG-PoolService-1] INFO  - clicked on Sign in button...
18:30:38.246 [TestNG-PoolService-1] INFO  - Goto my Merx Application-->Click on Login.
18:30:38.304 [TestNG-PoolService-1] INFO  - Entering email and password.. 
18:30:38.523 [TestNG-PoolService-1] INFO  - Entering user IDTester
18:30:40.904 [TestNG-PoolService-1] INFO  - clicked on Sign in button...
18:44:22.476 [TestNG-PoolService-1] INFO  - Goto my Merx Application-->Click on Login.
18:44:22.494 [TestNG-PoolService-1] INFO  - Entering email and password.. 
18:44:22.701 [TestNG-PoolService-1] INFO  - Entering user IDTester
18:44:24.807 [TestNG-PoolService-1] INFO  - clicked on Sign in button...
18:48:18.585 [TestNG-PoolService-1] INFO  - Goto my Merx Application-->Click on Login.
18:48:18.600 [TestNG-PoolService-1] INFO  - Entering email and password.. 
18:48:18.804 [TestNG-PoolService-1] INFO  - Entering user IDTester
18:48:20.866 [TestNG-PoolService-1] INFO  - clicked on Sign in button...
13:22:38.733 [TestNG-PoolService-1] INFO  - Goto my Merx Application-->Click on Login.
13:22:38.748 [TestNG-PoolService-1] INFO  - Entering email and password.. 
13:22:38.908 [TestNG-PoolService-1] INFO  - Entering user IDTester
13:22:41.659 [TestNG-PoolService-1] INFO  - clicked on Sign in button...
15:39:27.918 [TestNG-PoolService-1] INFO  - Goto my Merx Application-->Click on Login.
15:39:27.927 [TestNG-PoolService-1] INFO  - Entering email and password.. 
15:39:28.095 [TestNG-PoolService-1] INFO  - Entering user IDTester
15:39:40.007 [TestNG-PoolService-1] INFO  - clicked on Sign in button...
16:15:31.491 [TestNG-PoolService-1] INFO  - Goto my Merx Application-->Click on Login.
16:15:31.504 [TestNG-PoolService-1] INFO  - Entering email and password.. 
16:15:31.675 [TestNG-PoolService-1] INFO  - Entering user IDTester
16:15:34.366 [TestNG-PoolService-1] INFO  - clicked on Sign in button...
16:41:30.684 [TestNG-PoolService-1] INFO  - Goto my Merx Application-->Click on Login.
16:41:30.684 [TestNG-PoolService-1] INFO  - Entering email and password.. 
16:41:30.825 [TestNG-PoolService-1] INFO  - Entering user IDTester
16:41:33.261 [TestNG-PoolService-1] INFO  - clicked on Sign in button...
16:52:11.663 [TestNG-PoolService-1] INFO  - Goto my Merx Application-->Click on Login.
16:52:11.678 [TestNG-PoolService-1] INFO  - Entering email and password.. 
16:52:11.837 [TestNG-PoolService-1] INFO  - Entering user IDTester
16:52:14.274 [TestNG-PoolService-1] INFO  - clicked on Sign in button...
17:12:35.481 [TestNG-PoolService-1] INFO  - Goto my Merx Application-->Click on Login.
17:12:35.489 [TestNG-PoolService-1] INFO  - Entering email and password.. 
17:12:35.633 [TestNG-PoolService-1] INFO  - Entering user IDTester
17:12:37.960 [TestNG-PoolService-1] INFO  - clicked on Sign in button...
17:41:21.354 [TestNG-PoolService-1] INFO  - Goto my Merx Application-->Click on Login.
17:41:21.370 [TestNG-PoolService-1] INFO  - Entering email and password.. 
17:41:21.531 [TestNG-PoolService-1] INFO  - Entering user IDTester
17:41:24.320 [TestNG-PoolService-1] INFO  - clicked on Sign in button...
17:44:05.781 [TestNG-PoolService-1] INFO  - Goto my Merx Application-->Click on Login.
17:44:05.797 [TestNG-PoolService-1] INFO  - Entering email and password.. 
17:44:05.962 [TestNG-PoolService-1] INFO  - Entering user IDTester
17:44:08.472 [TestNG-PoolService-1] INFO  - clicked on Sign in button...
17:48:27.210 [TestNG-PoolService-1] INFO  - Goto my Merx Application-->Click on Login.
17:48:27.240 [TestNG-PoolService-1] INFO  - Entering email and password.. 
17:48:27.415 [TestNG-PoolService-1] INFO  - Entering user IDTester
17:48:30.032 [TestNG-PoolService-1] INFO  - clicked on Sign in button...
17:52:27.389 [TestNG-PoolService-1] INFO  - Goto my Merx Application-->Click on Login.
17:52:27.408 [TestNG-PoolService-1] INFO  - Entering email and password.. 
17:52:27.618 [TestNG-PoolService-1] INFO  - Entering user IDTester
17:52:30.248 [TestNG-PoolService-1] INFO  - clicked on Sign in button...
18:13:38.525 [TestNG-PoolService-1] INFO  - Goto my Merx Application-->Click on Login.
18:13:38.542 [TestNG-PoolService-1] INFO  - Entering email and password.. 
18:13:38.767 [TestNG-PoolService-1] INFO  - Entering user IDTester
18:13:40.945 [TestNG-PoolService-1] INFO  - clicked on Sign in button...
15:44:09.494 [TestNG-PoolService-1] INFO  - Goto my Merx Application-->Click on Login.
15:44:09.510 [TestNG-PoolService-1] INFO  - Entering email and password.. 
15:44:09.835 [TestNG-PoolService-1] INFO  - Entering user IDTester
15:44:12.540 [TestNG-PoolService-1] INFO  - clicked on Sign in button...
15:48:02.312 [TestNG-PoolService-1] INFO  - Goto my Merx Application-->Click on Login.
15:48:02.318 [TestNG-PoolService-1] INFO  - Entering email and password.. 
15:48:02.421 [TestNG-PoolService-1] INFO  - Entering user IDTester
15:48:04.697 [TestNG-PoolService-1] INFO  - clicked on Sign in button...
15:49:40.359 [TestNG-PoolService-1] INFO  - Goto my Merx Application-->Click on Login.
15:49:40.367 [TestNG-PoolService-1] INFO  - Entering email and password.. 
15:49:40.489 [TestNG-PoolService-1] INFO  - Entering user IDTester
15:49:42.950 [TestNG-PoolService-1] INFO  - clicked on Sign in button...
13:25:47.274 [TestNG-PoolService-1] INFO  - Goto my Merx Application-->Click on Login.
13:25:47.289 [TestNG-PoolService-1] INFO  - Entering email and password.. 
13:25:47.448 [TestNG-PoolService-1] INFO  - Entering user IDTester
13:25:50.268 [TestNG-PoolService-1] INFO  - clicked on Sign in button...
